4 Hilbert basis elements
2 extreme rays
2 support hyperplanes

embedding dimension = 2
rank = 2 (maximal)
external index = 1
internal index = 5
original monoid is not integrally closed in chosen lattice

size of triangulation   = 1
resulting sum of |det|s = 5

No implicit grading found

rank of class group = 0
finite cyclic summands:
5: 1  

***********************************************************************

4 Hilbert basis elements:
 1 1
 1 2
 1 3
 2 1

2 extreme rays:
 1 3
 2 1

2 support hyperplanes:
 -1  2
  3 -1

