4 Hilbert basis elements
4 lattice points in polytope (Hilbert basis elements of degree 1)
3 extreme rays
3 support hyperplanes

embedding dimension = 4
rank = 3
external index = 1
internal index = 2
original monoid is not integrally closed in chosen lattice

size of triangulation   = 1
resulting sum of |det|s = 2

grading:
1 0 0 -4 

degrees of extreme rays:
1: 3  

Hilbert basis elements are of degree 1

multiplicity = 2

Hilbert series:
1 1 
denominator with 3 factors:
1: 3  

degree of Hilbert Series as rational function = -2

The numerator of the Hilbert series is symmetric.

Hilbert polynomial:
1 2 1 
with common denominator = 1

rank of class group = 0
finite cyclic summands:
2: 1  

***********************************************************************

4 lattice points in polytope (Hilbert basis elements of degree 1):
 1 1 1 0
 1 2 3 0
 1 3 5 0
 5 2 3 1

0 further Hilbert basis elements of higher degree:

3 extreme rays:
 1 1 1 0
 1 3 5 0
 5 2 3 1

3 support hyperplanes:
 -1  1 0   3
  0  0 0   1
  3 -1 0 -13

1 equations:
 1 -2 1 -4

3 basis elements of generated  lattice:
 1 0 -1 0
 0 1  2 0
 0 0  4 1

